119060324
764643
846648
899442
1001523
2788982
3517770
185867
413018
179869
367724
179862938
195629489
184411439
189224276
198328929
185959088
190755813
899442
1001523
764643
846648
3517770
2788982
179869
367724
185867
413018
179862938
198328929
185959088
190755813
195629489
184411439
189224276
8107539
2594412
19870403
588695
688780
8503277
3147566
4405103
688780
588695
22823890
28861171
7881673
7382896
9250746
29027891
7382896
7881673
44956585
525169084
44956585
524966748
391507
391507
3370175
419369
391507
3370175
6249
6249
2343
2343
34834
2343
2343
6249
6249
34822
11848
11848
10724
10724
53138
157093
158065
20960
10724
10724
53138
158065
157093
21104
32191
30980
41874
29679
41874
29679
22886
28662
32167
30749
41874
29679
41874
29679
22579
28662
41874
29679
41874
29679
55338
55338
199002
41874
29679
41874
29679
55338
55338
199002
1030499
37665329
28859283
71179139
1030499
37665329
28859283
71179139
